C51 COMPILER V9.59.0.0   2                                                                 01/08/2022 22:46:37 PAGE 1   


C51 COMPILER V9.59.0.0, COMPILATION OF MODULE 2
OBJECT MODULE PLACED IN .\Objects\2.obj
COMPILER INVOKED BY: D:\keilll51\C51\BIN\C51.EXE 2.c OPTIMIZE(8,SPEED) BROWSE DEBUG OBJECTEXTEND PRINT(.\Listings\2.lst)
                    - TABS(2) OBJECT(.\Objects\2.obj)

line level    source

   1          #include<reg52.h>
   2          sbit on=P1^7;
   3          void main()
   4          {
   5   1        while(1)
   6   1        {
   7   2          P0=0x00;
   8   2          P1=0x00;
   9   2          P3=0x00;
  10   2          P2=0x00;
  11   2          on=0;
  12   2        }
  13   1      }


MODULE INFORMATION:   STATIC OVERLAYABLE
   CODE SIZE        =     13    ----
   CONSTANT SIZE    =   ----    ----
   XDATA SIZE       =   ----    ----
   PDATA SIZE       =   ----    ----
   DATA SIZE        =   ----    ----
   IDATA SIZE       =   ----    ----
   BIT SIZE         =   ----    ----
END OF MODULE INFORMATION.


C51 COMPILATION COMPLETE.  0 WARNING(S),  0 ERROR(S)
