Removed Pin From Net: NetName=VCC Pin=DHT11-1
Removed Pin From Net: NetName=P27 Pin=DHT11-2
Removed Pin From Net: NetName=B1 Pin=DHT11-3
Removed Pin From Net: NetName=P10 Pin=IO1-1
Removed Pin From Net: NetName=P11 Pin=IO1-2
Removed Pin From Net: NetName=P12 Pin=IO1-3
Removed Pin From Net: NetName=P13 Pin=IO1-4
Removed Pin From Net: NetName=P14 Pin=IO1-5
Removed Pin From Net: NetName=P15 Pin=IO1-6
Removed Pin From Net: NetName=P16 Pin=IO1-7
Removed Pin From Net: NetName=P17 Pin=IO1-8
Removed Pin From Net: NetName=RESET Pin=IO1-9
Removed Pin From Net: NetName=P30 Pin=IO1-10
Removed Pin From Net: NetName=P31 Pin=IO1-11
Removed Pin From Net: NetName=P32 Pin=IO1-12
Removed Pin From Net: NetName=P33 Pin=IO1-13
Removed Pin From Net: NetName=P34 Pin=IO1-14
Removed Pin From Net: NetName=P35 Pin=IO1-15
Removed Pin From Net: NetName=P36 Pin=IO1-16
Removed Pin From Net: NetName=P37 Pin=IO1-17
Removed Pin From Net: NetName=B1 Pin=IO1-20
Removed Pin From Net: NetName=VCC Pin=IO2-1
Removed Pin From Net: NetName=P00 Pin=IO2-2
Removed Pin From Net: NetName=P01 Pin=IO2-3
Removed Pin From Net: NetName=P02 Pin=IO2-4
Removed Pin From Net: NetName=P03 Pin=IO2-5
Removed Pin From Net: NetName=P04 Pin=IO2-6
Removed Pin From Net: NetName=P05 Pin=IO2-7
Removed Pin From Net: NetName=P06 Pin=IO2-8
Removed Pin From Net: NetName=P07 Pin=IO2-9
Removed Pin From Net: NetName=EA Pin=IO2-10
Removed Pin From Net: NetName=ALE Pin=IO2-11
Removed Pin From Net: NetName=PSEN Pin=IO2-12
Removed Pin From Net: NetName=P27 Pin=IO2-13
Removed Pin From Net: NetName=P26 Pin=IO2-14
Removed Pin From Net: NetName=P25 Pin=IO2-15
Removed Pin From Net: NetName=P24 Pin=IO2-16
Removed Pin From Net: NetName=P23 Pin=IO2-17
Removed Pin From Net: NetName=P22 Pin=IO2-18
Removed Pin From Net: NetName=P21 Pin=IO2-19
Removed Pin From Net: NetName=P20 Pin=IO2-20
Removed Pin From Net: NetName=VCC Pin=PZ1-1
Removed Pin From Net: NetName=P00 Pin=PZ1-2
Removed Pin From Net: NetName=P01 Pin=PZ1-3
Removed Pin From Net: NetName=P02 Pin=PZ1-4
Removed Pin From Net: NetName=P03 Pin=PZ1-5
Removed Pin From Net: NetName=P04 Pin=PZ1-6
Removed Pin From Net: NetName=P05 Pin=PZ1-7
Removed Pin From Net: NetName=P06 Pin=PZ1-8
Removed Pin From Net: NetName=P07 Pin=PZ1-9
Removed Pin From Net: NetName=VCC Pin=PZ2-1
Removed Pin From Net: NetName=P27 Pin=PZ2-2
Removed Pin From Net: NetName=P26 Pin=PZ2-3
Removed Pin From Net: NetName=P25 Pin=PZ2-4
Removed Pin From Net: NetName=P24 Pin=PZ2-5
Removed Pin From Net: NetName=P23 Pin=PZ2-6
Removed Pin From Net: NetName=P22 Pin=PZ2-7
Removed Pin From Net: NetName=P21 Pin=PZ2-8
Removed Pin From Net: NetName=P20 Pin=PZ2-9
Removed Pin From Net: NetName=C3 Pin=加湿器插座-1
Removed Pin From Net: NetName=G3 Pin=加湿器插座-2
Removed Pin From Net: NetName=B1 Pin=加湿器插座-3
Removed Pin From Net: NetName=C2 Pin=加热垫插座-1
Removed Pin From Net: NetName=G2 Pin=加热垫插座-2
Removed Pin From Net: NetName=B1 Pin=加热垫插座-3
Removed Pin From Net: NetName=VCC Pin=用电器正-1
Removed Pin From Net: NetName=VCC Pin=用电器正-2
Removed Pin From Net: NetName=VCC Pin=用电器正-3
Removed Pin From Net: NetName=C1 Pin=风扇插座-1
Removed Pin From Net: NetName=G1 Pin=风扇插座-2
Removed Pin From Net: NetName=B1 Pin=风扇插座-3
Change Component Designator: OldDesignator=上键 NewDesignator=UP
Change Component Designator: OldDesignator=下键 NewDesignator=DOWN
Change Component Designator: OldDesignator=切换键 NewDesignator=SWITCH
Change Component Designator: OldDesignator=加湿器 NewDesignator=WET
Change Component Designator: OldDesignator=加湿器插座 NewDesignator=WET PLUG
Change Component Designator: OldDesignator=加热垫 NewDesignator=HEAT
Change Component Designator: OldDesignator=加热垫插座 NewDesignator=HEAT PLUG
Change Component Designator: OldDesignator=用电器正 NewDesignator=LOAD
Change Component Designator: OldDesignator=预设键 NewDesignator=SETTING
Change Component Designator: OldDesignator=风扇 NewDesignator=FAN
Change Component Designator: OldDesignator=风扇插座 NewDesignator=FAN PLUG
Change Net Name : Old Net Name=NetQ2_3 New Net Name=NetFAN_2
Change Net Name : Old Net Name=NetQ3_3 New Net Name=NetHEAT_2
