Added Pin To Net: NetName=VCC Pin=DHT11-1
Added Pin To Net: NetName=P27 Pin=DHT11-2
Added Pin To Net: NetName=B1 Pin=DHT11-3
Added Pin To Net: NetName=P10 Pin=IO1-1
Added Pin To Net: NetName=P11 Pin=IO1-2
Added Pin To Net: NetName=P12 Pin=IO1-3
Added Pin To Net: NetName=P13 Pin=IO1-4
Added Pin To Net: NetName=P14 Pin=IO1-5
Added Pin To Net: NetName=P15 Pin=IO1-6
Added Pin To Net: NetName=P16 Pin=IO1-7
Added Pin To Net: NetName=P17 Pin=IO1-8
Added Pin To Net: NetName=RESET Pin=IO1-9
Added Pin To Net: NetName=P30 Pin=IO1-10
Added Pin To Net: NetName=P31 Pin=IO1-11
Added Pin To Net: NetName=P32 Pin=IO1-12
Added Pin To Net: NetName=P33 Pin=IO1-13
Added Pin To Net: NetName=P34 Pin=IO1-14
Added Pin To Net: NetName=P35 Pin=IO1-15
Added Pin To Net: NetName=P36 Pin=IO1-16
Added Pin To Net: NetName=P37 Pin=IO1-17
Added Pin To Net: NetName=B1 Pin=IO1-20
Added Pin To Net: NetName=VCC Pin=IO2-1
Added Pin To Net: NetName=P00 Pin=IO2-2
Added Pin To Net: NetName=P01 Pin=IO2-3
Added Pin To Net: NetName=P02 Pin=IO2-4
Added Pin To Net: NetName=P03 Pin=IO2-5
Added Pin To Net: NetName=P04 Pin=IO2-6
Added Pin To Net: NetName=P05 Pin=IO2-7
Added Pin To Net: NetName=P06 Pin=IO2-8
Added Pin To Net: NetName=P07 Pin=IO2-9
Added Pin To Net: NetName=EA Pin=IO2-10
Added Pin To Net: NetName=ALE Pin=IO2-11
Added Pin To Net: NetName=PSEN Pin=IO2-12
Added Pin To Net: NetName=P27 Pin=IO2-13
Added Pin To Net: NetName=P26 Pin=IO2-14
Added Pin To Net: NetName=P25 Pin=IO2-15
Added Pin To Net: NetName=P24 Pin=IO2-16
Added Pin To Net: NetName=P23 Pin=IO2-17
Added Pin To Net: NetName=P22 Pin=IO2-18
Added Pin To Net: NetName=P21 Pin=IO2-19
Added Pin To Net: NetName=P20 Pin=IO2-20
Added Pin To Net: NetName=VCC Pin=PZ1-1
Added Pin To Net: NetName=P00 Pin=PZ1-2
Added Pin To Net: NetName=P01 Pin=PZ1-3
Added Pin To Net: NetName=P02 Pin=PZ1-4
Added Pin To Net: NetName=P03 Pin=PZ1-5
Added Pin To Net: NetName=P04 Pin=PZ1-6
Added Pin To Net: NetName=P05 Pin=PZ1-7
Added Pin To Net: NetName=P06 Pin=PZ1-8
Added Pin To Net: NetName=P07 Pin=PZ1-9
Added Pin To Net: NetName=VCC Pin=PZ2-1
Added Pin To Net: NetName=P27 Pin=PZ2-2
Added Pin To Net: NetName=P26 Pin=PZ2-3
Added Pin To Net: NetName=P25 Pin=PZ2-4
Added Pin To Net: NetName=P24 Pin=PZ2-5
Added Pin To Net: NetName=P23 Pin=PZ2-6
Added Pin To Net: NetName=P22 Pin=PZ2-7
Added Pin To Net: NetName=P21 Pin=PZ2-8
Added Pin To Net: NetName=P20 Pin=PZ2-9
Added Pin To Net: NetName=C3 Pin=加湿器插座-1
Added Pin To Net: NetName=G3 Pin=加湿器插座-2
Added Pin To Net: NetName=B1 Pin=加湿器插座-3
Added Pin To Net: NetName=C2 Pin=加热垫插座-1
Added Pin To Net: NetName=G2 Pin=加热垫插座-2
Added Pin To Net: NetName=B1 Pin=加热垫插座-3
Added Pin To Net: NetName=VCC Pin=用电器正-1
Added Pin To Net: NetName=VCC Pin=用电器正-2
Added Pin To Net: NetName=VCC Pin=用电器正-3
Added Pin To Net: NetName=C1 Pin=风扇插座-1
Added Pin To Net: NetName=G1 Pin=风扇插座-2
Added Pin To Net: NetName=B1 Pin=风扇插座-3
